2019-07-11 09:28:52,827174 [INFO]: Program started
2019-07-11 09:30:34,256938 [INFO]: Program started
t2019-07-11 12:25:55,964195 [INFO]: Program started
2019-07-11 12:27:16,677630 [INFO]: Program started
2019-07-11 12:29:37,198045 [INFO]: Program started
2019-07-11 12:41:23,812643 [INFO]: Program started
2019-07-11 12:42:19,578102 [INFO]: Program started
2019-07-11 12:42:56,357814 [INFO]: Program started
2019-07-11 12:43:42,646431 [INFO]: Program started
2019-07-11 12:59:16,725879 [INFO]: Program started
2019-07-11 12:59:20,515514 [INFO]: Program started
2019-07-11 12:59:56,054108 [INFO]: Program started
2019-07-11 13:01:32,096193 [INFO]: Program started
2019-07-11 13:02:18,133193 [INFO]: Program started
2019-07-11 13:02:44,362112 [INFO]: Program started
2019-07-11 13:02:51,550286 [INFO]: Program started
2019-07-11 13:02:55,206440 [INFO]: Program started
2019-07-11 13:03:10,300430 [INFO]: Program started
2019-07-11 13:07:51,568843 [INFO]: Program started
2019-07-11 13:09:22,810620 [INFO]: Program started
2019-07-11 13:10:07,649798 [INFO]: Program started
2019-07-11 13:13:30,670368 [INFO]: Program started
2019-07-11 13:13:45,044836 [INFO]: Program started
2019-07-11 13:22:34,809046 [INFO]: Program started
2019-07-11 13:23:16,860010 [INFO]: Program started
2019-07-11 13:24:31,038307 [INFO]: Program started
2019-07-11 13:33:01,411888 [INFO]: Program started
2019-07-11 13:34:32,668260 [INFO]: Program started
2019-07-11 13:37:19,042605 [INFO]: Program started
2019-07-11 13:40:40,261864 [INFO]: Program started
2019-07-11 13:43:00,706885 [INFO]: Program started
2019-07-11 13:45:44,668476 [INFO]: Program started
2019-07-11 13:46:33,673723 [INFO]: Program started
2019-07-11 13:46:57,044322 [INFO]: Program started
2019-07-11 13:48:37,921571 [INFO]: Program started
2019-07-11 13:55:54,912017 [INFO]: Program started
2019-07-11 13:56:43,327065 [INFO]: Program started
2019-07-11 13:57:07,617075 [INFO]: Program started
2019-07-11 14:00:40,513381 [INFO]: Program started
2019-07-11 14:01:23,436076 [INFO]: Program started
2019-07-11 14:03:41,569235 [INFO]: Program started
2019-07-11 14:04:47,469920 [INFO]: Program started
2019-07-11 14:05:10,191692 [INFO]: Program started
2019-07-11 14:05:26,608266 [INFO]: Program started
2019-07-11 14:05:39,695035 [INFO]: Program started
2019-07-11 14:05:49,949027 [INFO]: Program started
2019-07-11 14:06:06,137341 [INFO]: Program started
2019-07-11 14:06:19,585924 [INFO]: Program started
2019-07-11 14:06:41,299917 [INFO]: Program started
2019-07-11 14:07:30,249442 [INFO]: Program started
2019-07-11 14:07:50,059210 [INFO]: Program started
2019-07-11 14:07:59,726656 [INFO]: Program started
2019-07-11 14:08:17,422948 [INFO]: Program started
2019-07-11 14:08:31,300493 [INFO]: Program started
2019-07-11 14:11:20,855968 [INFO]: Program started
2019-07-11 14:11:40,600132 [INFO]: Program started
2019-07-11 14:11:56,649934 [INFO]: Program started
2019-07-11 14:13:18,304194 [INFO]: Program started
2019-07-11 14:13:56,204813 [INFO]: Program started
2019-07-11 14:14:19,015861 [INFO]: Program started
2019-07-11 14:14:50,299092 [INFO]: Program started
2019-07-11 14:15:09,591591 [INFO]: Program started
2019-07-11 14:15:20,344798 [INFO]: Program started
2019-07-11 14:15:31,362098 [INFO]: Program started
2019-07-11 14:17:07,558572 [INFO]: Program started
2019-07-11 14:17:16,736633 [INFO]: Program started
2019-07-11 14:17:25,035834 [INFO]: Program started
2019-07-11 14:17:33,860096 [INFO]: Program started
2019-07-11 14:17:40,493882 [INFO]: Program started
2019-07-11 14:17:51,623668 [INFO]: Program started
2019-07-11 16:30:03,633089 [INFO]: Program started
2019-07-11 16:30:08,446222 [INFO]: Program started
2019-07-11 16:30:12,807580 [INFO]: Program started
2019-07-11 16:31:04,378612 [INFO]: Program started
2019-07-11 16:31:29,338410 [INFO]: Program started
2019-07-11 16:31:35,939704 [INFO]: Program started
2019-07-11 16:51:21,920957 [INFO]: Program started
2019-07-11 16:51:59,312419 [INFO]: Program started
2019-07-11 16:53:04,082438 [INFO]: Program started
2019-07-11 16:53:27,546337 [INFO]: Program started
2019-07-11 16:53:53,275492 [INFO]: Program started
2019-07-11 16:54:22,128407 [INFO]: Program started
2019-07-11 16:55:37,724691 [INFO]: Program started
2019-07-11 16:55:42,050905 [INFO]: Program started
2019-07-11 16:55:44,480629 [INFO]: Program started
2019-07-11 16:55:48,474615 [INFO]: Program started
2019-07-11 16:55:53,034799 [INFO]: Program started
2019-07-11 16:56:15,261647 [INFO]: Program started
2019-07-11 16:57:23,980198 [INFO]: Program started
2019-07-11 16:57:28,633430 [INFO]: Program started
2019-07-11 16:57:32,989850 [INFO]: Program started
2019-07-11 16:57:50,652873 [INFO]: Program started
2019-07-11 17:01:06,088020 [INFO]: Program started
2019-07-11 17:01:33,553589 [INFO]: Program started
2019-07-11 17:01:53,727400 [INFO]: Program started
2019-07-11 17:02:02,489164 [INFO]: Program started
2019-07-11 17:02:05,837025 [INFO]: Program started
2019-07-11 17:02:08,182497 [INFO]: Program started
2019-07-11 17:02:09,940628 [INFO]: Program started
2019-07-11 17:02:12,648246 [INFO]: Program started
2019-07-11 17:02:39,144090 [INFO]: Program started
2019-07-11 17:02:44,486847 [INFO]: Program started
2019-07-11 17:03:11,897270 [INFO]: Program started
2019-07-11 17:03:24,377042 [INFO]: Program started
2019-07-11 17:03:26,182954 [INFO]: Program started
2019-07-11 17:03:29,208068 [INFO]: Program started
2019-07-11 17:04:05,769450 [INFO]: Program started
2019-07-11 17:04:07,665124 [INFO]: Program started
2019-07-11 17:04:09,424953 [INFO]: Program started
2019-07-11 17:04:10,563722 [INFO]: Program started
2019-07-11 17:04:11,546882 [INFO]: Program started
2019-07-11 17:04:12,729576 [INFO]: Program started
2019-07-11 17:04:13,887468 [INFO]: Program started
2019-07-11 17:05:49,155350 [INFO]: Program started
2019-07-11 17:05:51,100761 [INFO]: Program started
2019-07-11 17:05:52,957632 [INFO]: Program started
2019-07-11 17:05:54,396225 [INFO]: Program started
2019-07-11 17:05:55,713566 [INFO]: Program started
2019-07-11 17:05:56,925262 [INFO]: Program started
2019-07-11 17:05:58,122703 [INFO]: Program started
2019-07-11 17:08:16,395833 [INFO]: Program started
2019-07-11 17:08:56,549771 [INFO]: Program started
2019-07-11 17:09:06,783250 [INFO]: Program started
2019-07-11 17:11:28,702733 [INFO]: Program started
2019-07-11 17:11:40,180969 [INFO]: Program started
2019-07-11 17:11:57,754588 [INFO]: Program started
2019-07-11 17:12:21,968794 [INFO]: Program started
2019-07-11 17:13:04,328163 [INFO]: Program started
2019-07-11 17:13:05,972236 [INFO]: Program started
2019-07-11 17:13:24,321263 [INFO]: Program started
2019-07-11 17:13:25,446534 [INFO]: Program started
2019-07-11 17:13:26,576945 [INFO]: Program started
2019-07-11 17:13:27,836409 [INFO]: Program started
2019-07-11 17:13:28,771259 [INFO]: Program started
2019-07-11 17:15:04,465459 [INFO]: Program started
2019-07-11 17:15:10,477582 [INFO]: Program started
2019-07-11 17:15:12,045601 [INFO]: Program started
2019-07-11 17:15:13,188217 [INFO]: Program started
2019-07-11 17:15:14,116904 [INFO]: Program started
2019-07-11 17:15:32,825224 [INFO]: Program started
2019-07-11 17:15:35,926964 [INFO]: Program started
2019-07-11 17:15:51,820912 [INFO]: Program started
2019-07-11 17:15:57,889634 [INFO]: Program started
2019-07-11 17:16:00,208472 [INFO]: Program started
2019-07-11 17:16:01,845196 [INFO]: Program started
2019-07-11 17:16:03,245808 [INFO]: Program started
2019-07-11 17:16:04,581564 [INFO]: Program started
2019-07-11 17:16:05,923622 [INFO]: Program started
2019-07-11 17:16:32,055593 [INFO]: Program started
2019-07-11 17:31:23,170871 [INFO]: Program started
2019-07-11 17:33:30,385823 [INFO]: Program started
2019-07-11 17:34:09,950228 [INFO]: Program started
2019-07-11 17:34:26,737918 [INFO]: Program started
2019-07-11 17:35:31,185085 [INFO]: Program started
2019-07-11 17:36:24,723975 [INFO]: Program started
2019-07-11 17:36:35,334681 [INFO]: Program started
2019-07-11 17:36:46,400496 [INFO]: Program started
2019-07-11 17:36:49,465181 [INFO]: Program started
2019-07-11 17:41:05,428281 [INFO]: Program started
2019-07-11 17:41:29,451726 [INFO]: Program started
2019-07-11 17:41:44,189988 [INFO]: Program started
2019-07-11 17:41:54,829197 [INFO]: Program started
2019-07-11 17:41:58,089655 [INFO]: Program started
2019-07-11 17:42:00,265768 [INFO]: Program started
2019-07-11 17:42:03,041798 [INFO]: Program started
2019-07-11 17:42:05,296228 [INFO]: Program started
2019-07-11 17:42:07,761811 [INFO]: Program started
2019-07-11 17:42:09,771157 [INFO]: Program started
2019-07-11 17:42:11,445703 [INFO]: Program started
2019-07-11 17:42:13,112048 [INFO]: Program started
2019-07-11 17:42:14,857246 [INFO]: Program started
2019-07-11 17:43:34,476619 [INFO]: Program started
2019-07-11 17:43:47,299381 [INFO]: Program started
2019-07-11 17:45:06,906698 [INFO]: Program started
2019-07-11 17:45:19,223910 [INFO]: Program started
2019-07-11 17:47:54,735725 [INFO]: Program started
2019-07-11 17:48:21,152684 [INFO]: Program started
2019-07-11 17:48:37,789805 [INFO]: Program started
2019-07-11 17:49:55,614835 [INFO]: Program started
2019-07-11 17:50:09,572991 [INFO]: Program started
2019-07-11 17:50:17,477258 [INFO]: Program started
2019-07-11 17:51:57,474917 [INFO]: Program started
2019-07-11 17:52:05,226047 [INFO]: Program started
2019-07-11 17:53:56,329946 [INFO]: Program started
2019-07-11 17:55:35,460769 [INFO]: Program started
2019-07-11 17:55:45,319307 [INFO]: Program started
2019-07-11 17:56:01,525545 [INFO]: Program started
2019-07-11 17:56:54,570490 [INFO]: Program started
2019-07-11 17:57:06,396204 [INFO]: Program started
2019-07-11 17:57:25,960634 [INFO]: Program started
2019-07-11 17:57:41,867925 [INFO]: Program started
2019-07-11 17:59:07,374749 [INFO]: Program started
2019-07-11 18:00:55,772912 [INFO]: Program started
2019-07-11 18:01:12,947075 [INFO]: Program started
2019-07-11 18:01:21,992574 [INFO]: Program started
2019-07-11 18:01:43,369788 [INFO]: Program started
2019-07-11 18:01:59,561995 [INFO]: Program started
2019-07-11 18:03:57,503402 [INFO]: Program started
2019-07-11 18:04:20,765406 [INFO]: Program started
2019-07-11 18:05:54,732085 [INFO]: Program started
2019-07-12 08:19:04,310005 [INFO]: Program started
2019-07-12 08:19:07,663792 [INFO]: Program started
2019-07-12 08:29:14,517818 [INFO]: Program started
2019-07-12 08:29:48,229710 [INFO]: Program started
2019-07-12 08:29:58,400638 [INFO]: Program started
2019-07-12 08:30:07,582750 [INFO]: Program started
2019-07-12 08:32:30,305181 [INFO]: Program started
2019-07-12 08:35:21,611825 [INFO]: Program started
2019-07-12 08:36:52,060848 [INFO]: Program started
2019-07-12 08:36:53,557660 [INFO]: Program started
2019-07-12 08:37:05,305529 [INFO]: Program started
2019-07-12 08:37:31,540858 [INFO]: Program started
2019-07-12 08:37:32,771358 [INFO]: Program started
2019-07-12 08:37:49,502039 [INFO]: Program started
2019-07-12 08:38:16,050215 [INFO]: Program started
2019-07-12 08:38:44,313119 [INFO]: Program started
2019-07-12 08:44:24,135127 [INFO]: Program started
2019-07-12 08:44:29,164255 [INFO]: Hyphenation successfulmis-trans-late0.0022139549255371
2019-07-12 08:45:36,332136 [INFO]: Program started
2019-07-12 08:45:40,628302 [INFO]: Hyphenation successful :mis-trans-late finished in : 0.0022470951080322
2019-07-12 08:51:06,030050 [INFO]: Program started
2019-07-12 08:51:09,990546 [INFO]: Hyphenation successful :mis-trans-late finished in : 0.0021629333496094
2019-07-12 09:09:25,467769 [INFO]: Program started
2019-07-12 09:10:57,291781 [INFO]: Program started
2019-07-12 09:12:08,585040 [INFO]: Program started
2019-07-12 09:12:12,395881 [INFO]: Hyphenation successful :m-os-t finished in : 0.028053998947144
2019-07-12 09:12:26,236729 [INFO]: Program started
2019-07-12 09:12:29,945338 [INFO]: Hyphenation successful :w-el-s finished in : 0.029464960098267
2019-07-12 09:12:40,146427 [INFO]: Program started
2019-07-12 09:12:42,954504 [INFO]: Hyphenation successful :l-on-g finished in : 0.028767108917236
2019-07-12 09:13:05,534607 [INFO]: Program started
2019-07-12 09:13:12,574204 [INFO]: Hyphenation successful :r-ar-ity finished in : 0.029175043106079
2019-07-12 09:13:50,973801 [INFO]: Program started
2019-07-12 09:13:56,832335 [INFO]: Hyphenation successful :n-or-mally finished in : 0.037078142166138
2019-07-12 09:22:16,599261 [INFO]: Program started
2019-07-12 09:23:55,580378 [INFO]: Program started
2019-07-12 09:25:40,011009 [INFO]: Program started
2019-07-12 09:26:45,546315 [INFO]: Program started
2019-07-12 09:26:51,339272 [INFO]: Hyphenation successful :a-lg-orithm finished in : 0.0023350715637207
2019-07-12 09:26:58,294352 [INFO]: Program started
2019-07-12 09:27:08,280840 [INFO]: Hyphenation successful :g-ra-ss finished in : 0.027159214019775
2019-07-12 09:29:16,516048 [INFO]: Program started
2019-07-12 09:29:43,364511 [INFO]: Program started
2019-07-12 09:30:59,794427 [INFO]: Program started
2019-07-12 09:32:20,701185 [INFO]: Program started
2019-07-12 09:35:07,130032 [INFO]: Program started
2019-07-12 09:35:13,565558 [INFO]: Hyphenation successful :h-el-lo finished in : 0.0017819404602051
2019-07-12 09:35:18,914167 [INFO]: Program started
2019-07-12 09:35:40,623938 [INFO]: Program started
2019-07-12 09:35:44,649055 [INFO]: Hyphenation successful :rab-bit finished in : 0.030206918716431
2019-07-12 09:36:07,013408 [INFO]: Program started
2019-07-12 09:36:36,847256 [INFO]: Program started
2019-07-12 09:37:29,426990 [INFO]: Program started
2019-07-12 09:54:27,814877 [INFO]: Program started
2019-07-12 09:55:44,168083 [INFO]: Program started
2019-07-12 09:55:56,844915 [INFO]: Program started
2019-07-12 09:57:17,621881 [INFO]: Program started
2019-07-12 09:57:22,447586 [INFO]: Program started
2019-07-12 09:57:47,509498 [INFO]: Hyphenation successful :any-thing finished in : 0.033278942108154
2019-07-12 09:59:01,378443 [INFO]: Program started
2019-07-12 09:59:16,275772 [INFO]: Program started
2019-07-12 09:59:27,556252 [INFO]: Hyphenation successful :some-thing finished in : 0.039016962051392
2019-07-12 10:00:16,550712 [INFO]: Program started
2019-07-12 10:00:28,697052 [INFO]: Hyphenation successful :noth-ing finished in : 0.03222918510437
2019-07-12 10:00:49,304094 [INFO]: Program started
2019-07-12 10:01:04,670871 [INFO]: Hyphenation successful :ap-pend finished in : 0.02860689163208
2019-07-12 10:09:25,059958 [INFO]: Program started
2019-07-12 10:09:32,385287 [INFO]: Hyphenation successful :ap-pend finished in : 0.0022499561309814
2019-07-12 10:23:18,450250 [INFO]: Program started
2019-07-12 10:23:46,148285 [INFO]: Program started
2019-07-12 10:23:58,696483 [INFO]: Hyphenation successful :master finished in : 0.03156590461731
2019-07-12 10:24:36,439907 [INFO]: Program started
2019-07-12 10:24:46,066734 [INFO]: Hyphenation successful :trans-late finished in : 0.036926984786987
2019-07-12 10:25:25,780196 [INFO]: Program started
2019-07-12 10:25:50,215154 [INFO]: Hyphenation successful :bird finished in : 0.026293992996216
2019-07-12 14:26:32,557178 [INFO]: Program started
2019-07-12 14:26:40,291096 [INFO]: Hyphenation successful :mis-trans-late finished in : 0.0021541118621826
2019-07-12 14:37:26,545819 [INFO]: Program started
2019-07-12 14:37:46,810893 [INFO]: Program started
2019-07-12 14:37:57,307305 [INFO]: Program started
2019-07-12 14:38:06,506253 [INFO]: Hyphenation successful :mis-trans-late finished in : 0.00062298774719238
2019-07-12 14:39:48,300542 [INFO]: Program started
2019-07-12 14:39:57,204823 [INFO]: Hyphenation successful :s-pace finished in : 0.028191804885864
2019-07-12 14:41:56,563353 [INFO]: Program started
2019-07-12 14:42:09,377899 [INFO]: Hyphenation successful :af-ford finished in : 0.031089067459106
2019-07-12 16:46:17,973686 [INFO]: Program started
2019-07-12 16:46:26,035112 [INFO]: Hyphenation successful :log
 finished in : 0.0020408630371094
2019-07-12 16:46:50,531939 [INFO]: Program started
2019-07-12 16:47:17,429268 [INFO]: Program started
2019-07-12 16:47:28,588390 [INFO]: Hyphenation successful : finished in : 0.024986028671265
2019-07-12 16:48:29,774401 [INFO]: Program started
2019-07-12 16:48:44,382339 [INFO]: Program started
2019-07-12 16:48:53,771085 [INFO]: Hyphenation successful : finished in : 0.025159120559692
2019-07-12 16:49:09,389004 [INFO]: Program started
2019-07-12 16:49:30,902020 [INFO]: Hyphenation successful : finished in : 0.0450758934021
2019-07-12 16:49:48,915312 [INFO]: Program started
2019-07-12 16:50:10,402285 [INFO]: Program started
2019-07-12 16:50:20,027405 [INFO]: Hyphenation successful : finished in : 0.033324003219604
2019-07-12 16:52:31,743774 [INFO]: Program started
2019-07-12 16:52:46,810965 [INFO]: Hyphenation successful : finished in : 0.020359039306641
2019-07-12 16:53:44,846420 [INFO]: Program started
2019-07-12 16:53:55,692387 [INFO]: Hyphenation successful :carrot finished in : 0.028780937194824
2019-07-12 16:55:32,303772 [INFO]: Program started
2019-07-12 16:55:44,236520 [INFO]: Hyphenation successful :something finished in : 0.035407066345215
2019-07-12 16:56:04,628804 [INFO]: Program started
2019-07-12 16:56:37,810897 [INFO]: Hyphenation successful :ra-rity finished in : 0.026524066925049
2019-07-12 16:56:46,934708 [INFO]: Program started
2019-07-12 16:57:03,573617 [INFO]: Hyphenation successful :he-llo finished in : 0.020337104797363
2019-07-12 16:57:12,836923 [INFO]: Program started
2019-07-12 16:57:20,911901 [INFO]: Hyphenation successful :m-istranslate finished in : 0.046590089797974
2019-07-12 16:58:48,350079 [INFO]: Program started
2019-07-12 16:59:00,312388 [INFO]: Hyphenation successful :r-ar-ity finished in : 0.030598878860474
2019-07-12 17:01:46,723552 [INFO]: Program started
2019-07-12 17:01:58,000349 [INFO]: Program started
2019-07-12 17:02:06,904010 [INFO]: Hyphenation successful :rar-i-ty finished in : 0.027090072631836
2019-07-12 17:03:06,080217 [INFO]: Program started
2019-07-12 17:03:13,725514 [INFO]: Hyphenation successful :mi-stranslate finished in : 0.0416259765625
2019-07-12 17:04:43,876138 [INFO]: Program started
2019-07-12 17:04:51,708829 [INFO]: Hyphenation successful :mis-trans-late finished in : 0.046463966369629
2019-07-12 17:05:10,793665 [INFO]: Program started
2019-07-12 17:05:19,838683 [INFO]: Hyphenation successful :h-el-lo finished in : 0.024471044540405
2019-07-12 17:05:42,201617 [INFO]: Program started
2019-07-12 17:05:56,150922 [INFO]: Hyphenation successful :r-arity finished in : 0.027347803115845
2019-07-12 17:06:22,636843 [INFO]: Program started
2019-07-12 17:06:36,214795 [INFO]: Hyphenation successful :ne-twork finished in : 0.029462814331055
2019-07-12 17:07:27,221587 [INFO]: Program started
2019-07-12 17:07:42,580088 [INFO]: Hyphenation successful :rar-i-ty finished in : 0.030462980270386
2019-07-12 17:07:46,226945 [INFO]: Program started
2019-07-12 17:08:00,136433 [INFO]: Hyphenation successful :mis-trans-late finished in : 0.042387962341309
2019-07-12 17:08:03,047651 [INFO]: Program started
2019-07-12 17:08:16,427561 [INFO]: Hyphenation successful :frame-work finished in : 0.034857034683228
2019-07-12 17:10:56,477806 [INFO]: Program started
2019-07-12 17:11:04,677768 [INFO]: Hyphenation successful :mis-trans-late finished in : 0.04407000541687
